# JRE version: Java(TM) SE Runtime Environment (7.0_45-b18) (build 1.7.0_45-b18)
# Java VM: Java HotSpot(TM) 64-Bit Server VM (24.45-b08 mixed mode windows-amd64 compressed oops)
Heap
 PSYoungGen      total 36864K, used 5095K [0x00000000d7100000, 0x00000000db900000, 0x0000000100000000)
  eden space 31744K, 0% used [0x00000000d7100000,0x00000000d7100000,0x00000000d9000000)
  from space 5120K, 99% used [0x00000000d9000000,0x00000000d94f9e10,0x00000000d9500000)
  to   space 5120K, 0% used [0x00000000db400000,0x00000000db400000,0x00000000db900000)
 ParOldGen       total 83456K, used 11133K [0x0000000085400000, 0x000000008a580000, 0x00000000d7100000)
  object space 83456K, 13% used [0x0000000085400000,0x0000000085edf730,0x000000008a580000)
 PSPermGen       total 21504K, used 16847K [0x0000000080200000, 0x0000000081700000, 0x0000000085400000)
  object space 21504K, 78% used [0x0000000080200000,0x0000000081273f78,0x0000000081700000)
GC Heap History (10 events):
Event: 3.021 GC heap after
Heap after GC invocations=1 (full 0):
 PSYoungGen      total 36864K, used 4566K [0x00000000d7100000, 0x00000000d9a00000, 0x0000000100000000)
  eden space 31744K, 0% used [0x00000000d7100000,0x00000000d7100000,0x00000000d9000000)
  from space 5120K, 89% used [0x00000000d9000000,0x00000000d9475a98,0x00000000d9500000)
  to   space 5120K, 0% used [0x00000000d9500000,0x00000000d9500000,0x00000000d9a00000)
 ParOldGen       total 83456K, used 8K [0x0000000085400000, 0x000000008a580000, 0x00000000d7100000)
  object space 83456K, 0% used [0x0000000085400000,0x0000000085402000,0x000000008a580000)
 PSPermGen       total 21504K, used 7326K [0x0000000080200000, 0x0000000081700000, 0x0000000085400000)
  object space 21504K, 34% used [0x0000000080200000,0x0000000080927be0,0x0000000081700000)
}
Event: 5.390 GC heap before
{Heap before GC invocations=2 (full 0):
 PSYoungGen      total 36864K, used 36310K [0x00000000d7100000, 0x00000000d9a00000, 0x0000000100000000)
  eden space 31744K, 100% used [0x00000000d7100000,0x00000000d9000000,0x00000000d9000000)
  from space 5120K, 89% used [0x00000000d9000000,0x00000000d9475a98,0x00000000d9500000)
  to   space 5120K, 0% used [0x00000000d9500000,0x00000000d9500000,0x00000000d9a00000)
 ParOldGen       total 83456K, used 8K [0x0000000085400000, 0x000000008a580000, 0x00000000d7100000)
  object space 83456K, 0% used [0x0000000085400000,0x0000000085402000,0x000000008a580000)
 PSPermGen       total 21504K, used 11912K [0x0000000080200000, 0x0000000081700000, 0x0000000085400000)
  object space 21504K, 55% used [0x0000000080200000,0x0000000080da2208,0x0000000081700000)
Event: 5.414 GC heap after
Heap after GC invocations=2 (full 0):
 PSYoungGen      total 36864K, used 5111K [0x00000000d7100000, 0x00000000d9a00000, 0x0000000100000000)
  eden space 31744K, 0% used [0x00000000d7100000,0x00000000d7100000,0x00000000d9000000)
  from space 5120K, 99% used [0x00000000d9500000,0x00000000d99fdfe8,0x00000000d9a00000)
  to   space 5120K, 0% used [0x00000000d9000000,0x00000000d9000000,0x00000000d9500000)
 ParOldGen       total 83456K, used 1488K [0x0000000085400000, 0x000000008a580000, 0x00000000d7100000)
  object space 83456K, 1% used [0x0000000085400000,0x0000000085574168,0x000000008a580000)
 PSPermGen       total 21504K, used 11912K [0x0000000080200000, 0x0000000081700000, 0x0000000085400000)
  object space 21504K, 55% used [0x0000000080200000,0x0000000080da2208,0x0000000081700000)
}
Event: 8.256 GC heap before
{Heap before GC invocations=3 (full 0):
 PSYoungGen      total 36864K, used 36855K [0x00000000d7100000, 0x00000000d9a00000, 0x0000000100000000)
  eden space 31744K, 100% used [0x00000000d7100000,0x00000000d9000000,0x00000000d9000000)
  from space 5120K, 99% used [0x00000000d9500000,0x00000000d99fdfe8,0x00000000d9a00000)
  to   space 5120K, 0% used [0x00000000d9000000,0x00000000d9000000,0x00000000d9500000)
 ParOldGen       total 83456K, used 1488K [0x0000000085400000, 0x000000008a580000, 0x00000000d7100000)
  object space 83456K, 1% used [0x0000000085400000,0x0000000085574168,0x000000008a580000)
 PSPermGen       total 21504K, used 12511K [0x0000000080200000, 0x0000000081700000, 0x0000000085400000)
  object space 21504K, 58% used [0x0000000080200000,0x0000000080e37e00,0x0000000081700000)
Event: 8.283 GC heap after
Heap after GC invocations=3 (full 0):
 PSYoungGen      total 36864K, used 5100K [0x00000000d7100000, 0x00000000d9a00000, 0x0000000100000000)
  eden space 31744K, 0% used [0x00000000d7100000,0x00000000d7100000,0x00000000d9000000)
  from space 5120K, 99% used [0x00000000d9000000,0x00000000d94fb158,0x00000000d9500000)
  to   space 5120K, 0% used [0x00000000d9500000,0x00000000d9500000,0x00000000d9a00000)
 ParOldGen       total 83456K, used 1945K [0x0000000085400000, 0x000000008a580000, 0x00000000d7100000)
  object space 83456K, 2% used [0x0000000085400000,0x00000000855e67e8,0x000000008a580000)
 PSPermGen       total 21504K, used 12511K [0x0000000080200000, 0x0000000081700000, 0x0000000085400000)
  object space 21504K, 58% used [0x0000000080200000,0x0000000080e37e00,0x0000000081700000)
}
Event: 11.523 GC heap before
{Heap before GC invocations=4 (full 0):
 PSYoungGen      total 36864K, used 36844K [0x00000000d7100000, 0x00000000d9a00000, 0x0000000100000000)
  eden space 31744K, 100% used [0x00000000d7100000,0x00000000d9000000,0x00000000d9000000)
  from space 5120K, 99% used [0x00000000d9000000,0x00000000d94fb158,0x00000000d9500000)
  to   space 5120K, 0% used [0x00000000d9500000,0x00000000d9500000,0x00000000d9a00000)
 ParOldGen       total 83456K, used 1945K [0x0000000085400000, 0x000000008a580000, 0x00000000d7100000)
  object space 83456K, 2% used [0x0000000085400000,0x00000000855e67e8,0x000000008a580000)
 PSPermGen       total 21504K, used 16316K [0x0000000080200000, 0x0000000081700000, 0x0000000085400000)
  object space 21504K, 75% used [0x0000000080200000,0x00000000811ef128,0x0000000081700000)
Event: 11.582 GC heap after
Heap after GC invocations=4 (full 0):
 PSYoungGen      total 36864K, used 5109K [0x00000000d7100000, 0x00000000db900000, 0x0000000100000000)
  eden space 31744K, 0% used [0x00000000d7100000,0x00000000d7100000,0x00000000d9000000)
  from space 5120K, 99% used [0x00000000d9500000,0x00000000d99fd658,0x00000000d9a00000)
  to   space 5120K, 0% used [0x00000000d9000000,0x00000000d9000000,0x00000000d9500000)
 ParOldGen       total 83456K, used 8124K [0x0000000085400000, 0x000000008a580000, 0x00000000d7100000)
  object space 83456K, 9% used [0x0000000085400000,0x0000000085bef3c8,0x000000008a580000)
 PSPermGen       total 21504K, used 16316K [0x0000000080200000, 0x0000000081700000, 0x0000000085400000)
  object space 21504K, 75% used [0x0000000080200000,0x00000000811ef128,0x0000000081700000)
}
Event: 14.427 GC heap before
{Heap before GC invocations=5 (full 0):
 PSYoungGen      total 36864K, used 26080K [0x00000000d7100000, 0x00000000db900000, 0x0000000100000000)
  eden space 31744K, 66% used [0x00000000d7100000,0x00000000d857ad70,0x00000000d9000000)
  from space 5120K, 99% used [0x00000000d9500000,0x00000000d99fd658,0x00000000d9a00000)
  to   space 5120K, 0% used [0x00000000d9000000,0x00000000d9000000,0x00000000d9500000)
 ParOldGen       total 83456K, used 8124K [0x0000000085400000, 0x000000008a580000, 0x00000000d7100000)
  object space 83456K, 9% used [0x0000000085400000,0x0000000085bef3c8,0x000000008a580000)
 PSPermGen       total 21504K, used 16847K [0x0000000080200000, 0x0000000081700000, 0x0000000085400000)
  object space 21504K, 78% used [0x0000000080200000,0x0000000081273f78,0x0000000081700000)
Event: 14.470 GC heap after
Heap after GC invocations=5 (full 0):
 PSYoungGen      total 36864K, used 5095K [0x00000000d7100000, 0x00000000db900000, 0x0000000100000000)
  eden space 31744K, 0% used [0x00000000d7100000,0x00000000d7100000,0x00000000d9000000)
  from space 5120K, 99% used [0x00000000d9000000,0x00000000d94f9e10,0x00000000d9500000)
  to   space 5120K, 0% used [0x00000000db400000,0x00000000db400000,0x00000000db900000)
 ParOldGen       total 83456K, used 11133K [0x0000000085400000, 0x000000008a580000, 0x00000000d7100000)
  object space 83456K, 13% used [0x0000000085400000,0x0000000085edf730,0x000000008a580000)
 PSPermGen       total 21504K, used 16847K [0x0000000080200000, 0x0000000081700000, 0x0000000085400000)
  object space 21504K, 78% used [0x0000000080200000,0x0000000081273f78,0x0000000081700000)
}
Event: 14.470 GC heap before
{Heap before GC invocations=6 (full 1):
 PSYoungGen      total 36864K, used 5095K [0x00000000d7100000, 0x00000000db900000, 0x0000000100000000)
  eden space 31744K, 0% used [0x00000000d7100000,0x00000000d7100000,0x00000000d9000000)
  from space 5120K, 99% used [0x00000000d9000000,0x00000000d94f9e10,0x00000000d9500000)
  to   space 5120K, 0% used [0x00000000db400000,0x00000000db400000,0x00000000db900000)
 ParOldGen       total 83456K, used 11133K [0x0000000085400000, 0x000000008a580000, 0x00000000d7100000)
  object space 83456K, 13% used [0x0000000085400000,0x0000000085edf730,0x000000008a580000)
 PSPermGen       total 21504K, used 16847K [0x0000000080200000, 0x0000000081700000, 0x0000000085400000)
  object space 21504K, 78% used [0x0000000080200000,0x0000000081273f78,0x0000000081700000)

